2020-03-19 15:26:05,095 - Priecinok je prazdny
2020-03-19 15:26:05,095 - Koniec kontroly
2020-03-19 15:26:05,095 - Evidovanie 0 inventur do databazy. 0  uspesne a 0  neuspesne

2020-03-19 15:33:41,248 - Priecinok je prazdny
2020-03-19 15:33:41,248 - Koniec kontroly
2020-03-19 15:33:41,249 - Evidovanie 0 inventur do databazy. 0  uspesne a 0  neuspesne

2020-03-19 15:34:17,326 - Priecinok je prazdny
2020-03-19 15:34:17,326 - Koniec kontroly
2020-03-19 15:34:17,326 - Evidovanie 0 inventur do databazy. 0  uspesne a 0  neuspesne

2020-03-19 15:41:28,956 - Priecinok je prazdny
2020-03-19 15:41:28,956 - Koniec kontroly
2020-03-19 15:41:28,956 - Evidovanie 0 inventur do databazy. 0  uspesne a 0  neuspesne

2020-03-19 15:43:16,682 - Priecinok je prazdny
2020-03-19 15:43:16,682 - Koniec kontroly
2020-03-19 15:43:16,682 - Evidovanie 0 inventur do databazy. 0  uspesne a 0  neuspesne

2020-03-19 15:57:49,066 - Priecinok je prazdny
2020-03-19 15:57:49,067 - Koniec kontroly
2020-03-19 15:57:49,067 - Evidovanie 0 inventur do databazy. 0  uspesne a 0  neuspesne

2020-03-19 15:58:17,736 - Do databazy nebol pridany objekt: Majetok31 zo subora: inventuraVzor1.csv
2020-03-19 15:58:17,744 - Do databazy nebol pridany objekt: Majetok315 zo subora: inventuraVzor1.csv
2020-03-19 15:58:17,753 - Inventura inventuraVzor1.csv obsahuje chybne udaje
2020-03-19 15:58:17,767 - Do databazy nebol pridany objekt: Majetok11 zo subora: inventuraVzor2.csv
2020-03-19 15:58:17,802 - Do databazy nebol pridany objekt: Majetok31100 zo subora: inventuraVzor2.csv
2020-03-19 15:58:17,802 - Inventura inventuraVzor2.csv obsahuje chybne udaje
2020-03-19 15:58:17,820 - Inventura inventuraVzor3.csv zaevidovana uspesne
2020-03-19 15:58:17,835 - Inventura inventuraVzor4.csv zaevidovana uspesne
2020-03-19 15:58:17,835 - Koniec kontroly
2020-03-19 15:58:17,835 - Evidovanie 4 inventur do databazy. 2  uspesne a 2  neuspesne

2020-03-19 16:00:43,205 - Priecinok je prazdny
2020-03-19 16:00:43,206 - Koniec kontroly
2020-03-19 16:00:43,206 - Evidovanie 0 inventur do databazy. 0  uspesne a 0  neuspesne

2020-03-19 16:14:02,359 - Priecinok je prazdny
2020-03-19 16:14:02,360 - Koniec kontroly
2020-03-19 16:14:02,360 - Evidovanie 0 inventur do databazy. 0  uspesne a 0  neuspesne

2020-03-19 16:19:45,272 - Priecinok je prazdny
2020-03-19 16:19:45,272 - Koniec kontroly
2020-03-19 16:19:45,272 - Evidovanie 0 inventur do databazy. 0  uspesne a 0  neuspesne

2020-03-19 16:21:54,309 - Priecinok je prazdny
2020-03-19 16:21:54,310 - Koniec kontroly
2020-03-19 16:21:54,310 - Evidovanie 0 inventur do databazy. 0  uspesne a 0  neuspesne

2020-03-19 16:26:13,770 - Priecinok je prazdny
2020-03-19 16:26:13,771 - Koniec kontroly
2020-03-19 16:26:13,771 - Evidovanie 0 inventur do databazy. 0  uspesne a 0  neuspesne

2020-03-19 16:26:50,201 - Priecinok je prazdny
2020-03-19 16:26:50,202 - Koniec kontroly
2020-03-19 16:26:50,202 - Evidovanie 0 inventur do databazy. 0  uspesne a 0  neuspesne

2020-03-19 16:30:23,505 - Priecinok je prazdny
2020-03-19 16:30:23,506 - Koniec kontroly
2020-03-19 16:30:23,506 - Evidovanie 0 inventur do databazy. 0  uspesne a 0  neuspesne

2020-03-19 16:35:59,867 - Priecinok je prazdny
2020-03-19 16:35:59,868 - Koniec kontroly
2020-03-19 16:35:59,868 - Evidovanie 0 inventur do databazy. 0  uspesne a 0  neuspesne

2020-03-19 16:37:45,675 - Priecinok je prazdny
2020-03-19 16:37:45,676 - Koniec kontroly
2020-03-19 16:37:45,676 - Evidovanie 0 inventur do databazy. 0  uspesne a 0  neuspesne

2020-03-19 16:39:07,026 - Priecinok je prazdny
2020-03-19 16:39:07,027 - Koniec kontroly
2020-03-19 16:39:07,027 - Evidovanie 0 inventur do databazy. 0  uspesne a 0  neuspesne

2020-03-19 16:41:29,435 - Priecinok je prazdny
2020-03-19 16:41:29,435 - Koniec kontroly
2020-03-19 16:41:29,435 - Evidovanie 0 inventur do databazy. 0  uspesne a 0  neuspesne

2020-03-19 16:41:51,864 - Priecinok je prazdny
2020-03-19 16:41:51,865 - Koniec kontroly
2020-03-19 16:41:51,865 - Evidovanie 0 inventur do databazy. 0  uspesne a 0  neuspesne

2020-03-19 16:42:53,876 - Priecinok je prazdny
2020-03-19 16:42:53,877 - Koniec kontroly
2020-03-19 16:42:53,877 - Evidovanie 0 inventur do databazy. 0  uspesne a 0  neuspesne

2020-03-19 16:50:24,053 - Priecinok je prazdny
2020-03-19 16:50:24,053 - Koniec kontroly
2020-03-19 16:50:24,053 - Evidovanie 0 inventur do databazy. 0  uspesne a 0  neuspesne

2020-03-19 16:53:28,672 - Priecinok je prazdny
2020-03-19 16:53:28,673 - Koniec kontroly
2020-03-19 16:53:28,673 - Evidovanie 0 inventur do databazy. 0  uspesne a 0  neuspesne

2020-03-19 16:54:53,210 - Priecinok je prazdny
2020-03-19 16:54:53,210 - Koniec kontroly
2020-03-19 16:54:53,210 - Evidovanie 0 inventur do databazy. 0  uspesne a 0  neuspesne

2020-03-19 16:57:18,725 - Priecinok je prazdny
2020-03-19 16:57:18,725 - Koniec kontroly
2020-03-19 16:57:18,725 - Evidovanie 0 inventur do databazy. 0  uspesne a 0  neuspesne

2020-03-19 16:59:14,577 - Do databazy nebol pridany objekt: Majetok31 zo subora: inventuraVzor1.csv
2020-03-19 16:59:14,586 - Do databazy nebol pridany objekt: Majetok315 zo subora: inventuraVzor1.csv
2020-03-19 16:59:14,592 - Inventura inventuraVzor1.csv obsahuje chybne udaje
2020-03-19 16:59:14,605 - Do databazy nebol pridany objekt: Majetok11 zo subora: inventuraVzor2.csv
2020-03-19 16:59:14,633 - Do databazy nebol pridany objekt: Majetok31100 zo subora: inventuraVzor2.csv
2020-03-19 16:59:14,633 - Inventura inventuraVzor2.csv obsahuje chybne udaje
2020-03-19 16:59:14,650 - Inventura inventuraVzor3.csv zaevidovana uspesne
2020-03-19 16:59:14,667 - Inventura inventuraVzor4.csv zaevidovana uspesne
2020-03-19 16:59:14,668 - Koniec kontroly
2020-03-19 16:59:14,668 - Evidovanie 4 inventur do databazy. 2  uspesne a 2  neuspesne

2020-03-20 11:32:34,702 - Priecinok je prazdny
2020-03-20 11:32:34,703 - Koniec kontroly
2020-03-20 11:32:34,703 - Evidovanie 0 inventur do databazy. 0  uspesne a 0  neuspesne

2020-03-20 13:18:00,112 - Do databazy nebol pridany objekt: Majetok31 zo subora: inventuraVzor1.csv
2020-03-20 13:18:00,127 - Do databazy nebol pridany objekt: Majetok315 zo subora: inventuraVzor1.csv
2020-03-20 13:18:00,140 - Inventura inventuraVzor1.csv obsahuje chybne udaje
2020-03-20 13:18:00,160 - Do databazy nebol pridany objekt: Majetok11 zo subora: inventuraVzor2.csv
2020-03-20 13:18:00,201 - Do databazy nebol pridany objekt: Majetok31100 zo subora: inventuraVzor2.csv
2020-03-20 13:18:00,201 - Inventura inventuraVzor2.csv obsahuje chybne udaje
2020-03-20 13:18:00,227 - Inventura inventuraVzor3.csv zaevidovana uspesne
2020-03-20 13:18:00,266 - Inventura inventuraVzor4.csv zaevidovana uspesne
2020-03-20 13:18:00,267 - Koniec kontroly
2020-03-20 13:18:00,267 - Evidovanie 4 inventur do databazy. 2  uspesne a 2  neuspesne

2020-03-20 13:18:22,930 - Priecinok je prazdny
2020-03-20 13:18:22,930 - Koniec kontroly
2020-03-20 13:18:22,930 - Evidovanie 0 inventur do databazy. 0  uspesne a 0  neuspesne

